
=== resize_roundtrip ===
   Compiling phoenix-vm v0.5.0 (C:\Users\steeb-ai\carbon-phoenix-backup\phoenix-vm)
   Compiling phoenix-systests v0.5.0 (C:\Users\steeb-ai\carbon-phoenix-backup\phoenix-systests)
    Finished `test` profile [unoptimized + debuginfo] target(s) in 16.32s
     Running tests\resize_roundtrip.rs (target\debug\deps\resize_roundtrip-23032cb0347c6b71.exe)

running 3 tests
  resize plan: src=Some(0) offset=1048576 size=16759808 end=17808384
  resize plan: src=Some(1) offset=17825792 size=786432000 end=804257792
test ntfs_restore_grow ... ok
  resize plan: src=Some(0) offset=20480 size=16759808 end=16780288
  resize plan: src=Some(1) offset=16781312 size=295698432 end=312479744
test ntfs_restore_shrink ... ok
  resize plan: src=Some(0) offset=20480 size=16759808 end=16780288
  resize plan: src=Some(1) offset=16781312 size=295698432 end=312479744
test ntfs_restore_shrink_64k_clusters ... ok

test result: ok. 3 passed; 0 failed; 0 ignored; 0 measured; 0 filtered out; finished in 52.64s


=== sector_4kn ===
   Compiling phoenix-systests v0.5.0 (C:\Users\steeb-ai\carbon-phoenix-backup\phoenix-systests)
    Finished `test` profile [unoptimized + debuginfo] target(s) in 0.99s
     Running tests\sector_4kn.rs (target\debug\deps\sector_4kn-281ff8f3a61065aa.exe)

running 5 tests
test ntfs_4kn_backup_restore_roundtrip ... ok
test ntfs_4kn_backup_verifies_against_source ... ok
test ntfs_4kn_clone_same_size_and_expanded ... ok
test ntfs_4kn_clone_shrinks_into_a_smaller_slot ... ok
test vhdx_4kn_reports_4096_byte_sectors ... ok

test result: ok. 5 passed; 0 failed; 0 ignored; 0 measured; 0 filtered out; finished in 63.48s


=== backup_restore_roundtrip ===
   Compiling phoenix-systests v0.5.0 (C:\Users\steeb-ai\carbon-phoenix-backup\phoenix-systests)
    Finished `test` profile [unoptimized + debuginfo] target(s) in 0.92s
     Running tests\backup_restore_roundtrip.rs (target\debug\deps\backup_restore_roundtrip-b1a1a8aa5fd521c0.exe)

running 1 test
test ntfs_backup_restore_roundtrip_same_size ... ok

test result: ok. 1 passed; 0 failed; 0 ignored; 0 measured; 0 filtered out; finished in 18.45s


=== clone ===
   Compiling phoenix-systests v0.5.0 (C:\Users\steeb-ai\carbon-phoenix-backup\phoenix-systests)
    Finished `test` profile [unoptimized + debuginfo] target(s) in 0.93s
     Running tests\clone.rs (target\debug\deps\clone-0ed5e345f7d288d6.exe)

running 2 tests
test ntfs_clone_expand_to_larger_target ... ok
test ntfs_clone_same_size ... ok

test result: ok. 2 passed; 0 failed; 0 ignored; 0 measured; 0 filtered out; finished in 29.12s


=== fat_family ===
   Compiling phoenix-systests v0.5.0 (C:\Users\steeb-ai\carbon-phoenix-backup\phoenix-systests)
    Finished `test` profile [unoptimized + debuginfo] target(s) in 0.91s
     Running tests\fat_family.rs (target\debug\deps\fat_family-ae55f74024aba911.exe)

running 2 tests
chkdsk G: /scan could not create a VSS snapshot (small/full volume); skipping the online scan and relying on the fixture digest for correctness.
test exfat_backup_restore_roundtrip ... ok
chkdsk G: /scan could not create a VSS snapshot (small/full volume); skipping the online scan and relying on the fixture digest for correctness.
test fat32_backup_restore_roundtrip ... ok

test result: ok. 2 passed; 0 failed; 0 ignored; 0 measured; 0 filtered out; finished in 25.38s


=== refs_family ===
   Compiling phoenix-systests v0.5.0 (C:\Users\steeb-ai\carbon-phoenix-backup\phoenix-systests)
    Finished `test` profile [unoptimized + debuginfo] target(s) in 0.98s
     Running tests\refs_family.rs (target\debug\deps\refs_family-d037aa124897a0d6.exe)

running 4 tests
[refs] SKIP: this Windows edition/build cannot format ReFS (the same layout formats fine as NTFS). ReFS formatting needs Pro for Workstations, Enterprise, Server, or a recent Win11 build. Original error: diskpart layout: diskpart failed (exit Some(-2147212251)):
--- script ---
select disk 3
clean
convert gpt
create partition primary
format fs=refs label=REFSRC unit=4096 quick
assign letter=X

--- output ---

Microsoft DiskPart version 10.0.26100.1150

Copyright (C) Microsoft Corporation.
On computer: BIGDEV

Disk 3 is now the selected disk.

DiskPart succeeded in cleaning the disk.

DiskPart successfully converted the selected disk to GPT format.

DiskPart succeeded in creating the specified partition.


    0 percent completed
    0 percent completed


Virtual Disk Service error:
The file system is incompatible.


test refs_backup_restore_roundtrip ... ok
[refs] SKIP: this Windows edition/build cannot format ReFS (the same layout formats fine as NTFS). ReFS formatting needs Pro for Workstations, Enterprise, Server, or a recent Win11 build. Original error: diskpart layout: diskpart failed (exit Some(-2147212251)):
--- script ---
select disk 3
clean
convert gpt
create partition primary
format fs=refs label=REFSRC unit=65536 quick
assign letter=X

--- output ---

Microsoft DiskPart version 10.0.26100.1150

Copyright (C) Microsoft Corporation.
On computer: BIGDEV

Disk 3 is now the selected disk.

DiskPart succeeded in cleaning the disk.

DiskPart successfully converted the selected disk to GPT format.

DiskPart succeeded in creating the specified partition.


    0 percent completed
    0 percent completed


Virtual Disk Service error:
The file system is incompatible.


test refs_backup_restore_roundtrip_64k_clusters ... ok
[refs] SKIP: this Windows edition/build cannot format ReFS (the same layout formats fine as NTFS). ReFS formatting needs Pro for Workstations, Enterprise, Server, or a recent Win11 build. Original error: diskpart layout: diskpart failed (exit Some(-2147212251)):
--- script ---
select disk 3
clean
convert gpt
create partition primary
format fs=refs label=REFSRC unit=4096 quick
assign letter=X

--- output ---

Microsoft DiskPart version 10.0.26100.1150

Copyright (C) Microsoft Corporation.
On computer: BIGDEV

Disk 3 is now the selected disk.

DiskPart succeeded in cleaning the disk.

DiskPart successfully converted the selected disk to GPT format.

DiskPart succeeded in creating the specified partition.


    0 percent completed
    0 percent completed


Virtual Disk Service error:
The file system is incompatible.


test refs_restore_grow_extends_volume ... ok
[refs] SKIP: this Windows edition/build cannot format ReFS (the same layout formats fine as NTFS). ReFS formatting needs Pro for Workstations, Enterprise, Server, or a recent Win11 build. Original error: diskpart layout: diskpart failed (exit Some(-2147212251)):
--- script ---
select disk 3
clean
convert gpt
create partition primary
format fs=refs label=REFSRC unit=4096 quick
assign letter=X

--- output ---

Microsoft DiskPart version 10.0.26100.1150

Copyright (C) Microsoft Corporation.
On computer: BIGDEV

Disk 3 is now the selected disk.

DiskPart succeeded in cleaning the disk.

DiskPart successfully converted the selected disk to GPT format.

DiskPart succeeded in creating the specified partition.


    0 percent completed
    0 percent completed


Virtual Disk Service error:
The file system is incompatible.


test refs_shrink_is_refused ... ok

test result: ok. 4 passed; 0 failed; 0 ignored; 0 measured; 0 filtered out; finished in 37.28s


=== gpt_identity ===
   Compiling phoenix-systests v0.5.0 (C:\Users\steeb-ai\carbon-phoenix-backup\phoenix-systests)
    Finished `test` profile [unoptimized + debuginfo] target(s) in 0.95s
     Running tests\gpt_identity.rs (target\debug\deps\gpt_identity-c60bce169214bfa4.exe)

running 1 test
[gpt-identity] disk GUID + partition unique GUIDs + attributes preserved
test gpt_identity_preserved_when_source_absent ... ok

test result: ok. 1 passed; 0 failed; 0 ignored; 0 measured; 0 filtered out; finished in 16.41s


=== mbr_identity ===
   Compiling phoenix-systests v0.5.0 (C:\Users\steeb-ai\carbon-phoenix-backup\phoenix-systests)
    Finished `test` profile [unoptimized + debuginfo] target(s) in 1.00s
     Running tests\mbr_identity.rs (target\debug\deps\mbr_identity-129bbb885e7832f4.exe)

running 1 test
test mbr_identity_survives_capture_and_synthesis ... ok

test result: ok. 1 passed; 0 failed; 0 ignored; 0 measured; 0 filtered out; finished in 11.15s


=== partial_mbr ===
   Compiling phoenix-systests v0.5.0 (C:\Users\steeb-ai\carbon-phoenix-backup\phoenix-systests)
    Finished `test` profile [unoptimized + debuginfo] target(s) in 0.99s
     Running tests\partial_mbr.rs (target\debug\deps\partial_mbr-58eefed18063bac8.exe)

running 3 tests
test mbr_partial_delete_removes_partition ... ok
test mbr_partial_resize_rewrites_table ... ok
test mbr_to_gpt_reinit_partial_restore ... ok

test result: ok. 3 passed; 0 failed; 0 ignored; 0 measured; 0 filtered out; finished in 59.44s


=== partial_clone ===
   Compiling phoenix-systests v0.5.0 (C:\Users\steeb-ai\carbon-phoenix-backup\phoenix-systests)
    Finished `test` profile [unoptimized + debuginfo] target(s) in 0.97s
     Running tests\partial_clone.rs (target\debug\deps\partial_clone-755a0bdaf8024cba.exe)

running 4 tests
[preflight] clone correctly refused: Failed to freeze \\.\Y: for a consistent read (last Win32 error: 5). The volume could not be locked exclusively, and a VSS snapshot of it could not be taken either ΓÇö so reading it now would copy a filesystem that is still changing. Another process has files open on it. Common culprits: File Explorer windows, antivirus or backup agents, the search indexer, or any open application using files on this drive. Close them and retry.
test clone_aborts_before_touching_the_target_when_a_source_cannot_be_frozen ... ok
test partial_clone_drops_an_unpreserved_live_partition ... ok
[preserved] 18 of 368 1-MiB blocks changed: [6, 7, 8, 9, 10, 11, 12, 13, 14, 15, 16, 17, 18, 19, 20, 21, 118, 119]
test partial_clone_replaces_one_slot_and_preserves_sibling ... ok
[preserved/shrink] 16 of 368 1-MiB blocks changed: [6, 7, 8, 9, 10, 11, 12, 13, 14, 15, 16, 17, 18, 19, 20, 21]
test partial_clone_shrinks_ntfs_into_a_smaller_slot ... ok

test result: ok. 4 passed; 0 failed; 0 ignored; 0 measured; 0 filtered out; finished in 74.42s


=== mount ===
   Compiling phoenix-systests v0.5.0 (C:\Users\steeb-ai\carbon-phoenix-backup\phoenix-systests)
    Finished `test` profile [unoptimized + debuginfo] target(s) in 0.93s
     Running tests\mount.rs (target\debug\deps\mount-8714d9edd1d2d136.exe)

running 2 tests
=== VHD footer comparison (reference size = 3145728) ===
  [ok ] cookie           real=[63, 6f, 6e, 65, 63, 74, 69, 78] mine=[63, 6f, 6e, 65, 63, 74, 69, 78]
  [ok ] features         real=[00, 00, 00, 02] mine=[00, 00, 00, 02]
  [ok ] format_version   real=[00, 01, 00, 00] mine=[00, 01, 00, 00]
  [ok ] data_offset      real=[ff, ff, ff, ff, ff, ff, ff, ff] mine=[ff, ff, ff, ff, ff, ff, ff, ff]
  [DIFF] timestamp        real=[31, f0, 57, 15] mine=[00, 00, 00, 00]
  [DIFF] creator_app      real=[77, 69, 6e, 20] mine=[70, 68, 6e, 78]
  [DIFF] creator_version  real=[00, 0a, 00, 00] mine=[00, 01, 00, 00]
  [ok ] creator_host_os  real=[57, 69, 32, 6b] mine=[57, 69, 32, 6b]
  [ok ] original_size    real=[00, 00, 00, 00, 00, 30, 00, 00] mine=[00, 00, 00, 00, 00, 30, 00, 00]
  [ok ] current_size     real=[00, 00, 00, 00, 00, 30, 00, 00] mine=[00, 00, 00, 00, 00, 30, 00, 00]
  [ok ] geometry         real=[00, 5a, 04, 11] mine=[00, 5a, 04, 11]
  [ok ] disk_type        real=[00, 00, 00, 02] mine=[00, 00, 00, 02]
  [DIFF] checksum         real=[ff, ff, e7, 6a] mine=[ff, ff, e8, b0]
  [ok ] unique_id        real=[ea, 4e, 19, 22, 43, e8, 4a, 46, a2, f5, 38, 58, e8, 64, 97, d2] mine=[ea, 4e, 19, 22, 43, e8, 4a, 46, a2, f5, 38, 58, e8, 64, 97, d2]
  [ok ] saved_state      real=[00] mine=[00]
test compare_vhd_footer_with_windows ... ok
test mount_backup_and_browse_files ... ok

test result: ok. 2 passed; 0 failed; 0 ignored; 0 measured; 0 filtered out; finished in 14.71s


=== vhdx_container ===
   Compiling phoenix-systests v0.5.0 (C:\Users\steeb-ai\carbon-phoenix-backup\phoenix-systests)
    Finished `test` profile [unoptimized + debuginfo] target(s) in 0.86s
     Running tests\vhdx_container.rs (target\debug\deps\vhdx_container-9f6466e7787419ee.exe)

running 2 tests
[vhdx] attached as PhysicalDrive3, LogicalSectorSize = 4096
test windows_attaches_our_synthesized_4kn_vhdx ... ok
[vhdx] attached as PhysicalDrive3, LogicalSectorSize = 512
test windows_attaches_our_synthesized_512_vhdx ... ok

test result: ok. 2 passed; 0 failed; 0 ignored; 0 measured; 0 filtered out; finished in 1.55s


=== vss ===
   Compiling phoenix-systests v0.5.0 (C:\Users\steeb-ai\carbon-phoenix-backup\phoenix-systests)
    Finished `test` profile [unoptimized + debuginfo] target(s) in 0.94s
     Running tests\vss.rs (target\debug\deps\vss-7a86218e78f969ed.exe)

running 6 tests
[vss] manifest: partition 0 fs=msr mode=raw used=16759808 of 16759808 bytes
[vss] manifest: partition 1 fs=ntfs mode=used-blocks used=59527168 of 1056899072 bytes
[vss] end-to-end VSS backup roundtrip verified (lock was never taken)
test busy_volume_escalates_to_vss_shadow ... ok
[vss] unfreezable volume correctly aborted the backup: Failed to freeze \\.\X: for a consistent read (last Win32 error: 5). The volume could not be locked exclusively, and a VSS snapshot of it could not be taken either ΓÇö so reading it now would copy a filesystem that is still changing. Another process has files open on it. Common culprits: File Explorer windows, antivirus or backup agents, the search indexer, or any open application using files on this drive. Close them and retry.
test busy_volume_without_vss_aborts_backup ... ok
[vss] idle-volume lock round-trip verified (lock taken + released)
test idle_fat32_volume_locked_roundtrip ... ok
[vss] during backup: 0 write attempts refused, 0 allowed (pre-lock window only)

thread 'locked_backup_blocks_writers_for_duration' (15176) panicked at phoenix-systests\tests\vss.rs:404:5:
no write attempt was ever refused during a locked backup ΓÇö the engine did not hold FSCTL_LOCK_VOLUME for the capture window
note: run with `RUST_BACKTRACE=1` environment variable to display a backtrace
test locked_backup_blocks_writers_for_duration ... FAILED
[vss] lock held: external create + open both refused, as required
[vss] lock released: volume usable again
test volume_lock_blocks_external_writes ... ok
[vss] shadow created: \\?\GLOBALROOT\Device\HarddiskVolumeShadowCopy32
[vss] point-in-time semantics verified (shadow serves pre-modification bytes)
test vss_snapshot_is_point_in_time ... ok

failures:

failures:
    locked_backup_blocks_writers_for_duration

test result: FAILED. 5 passed; 1 failed; 0 ignored; 0 measured; 0 filtered out; finished in 67.74s

error: test failed, to rerun pass `-p phoenix-systests --test vss`
vss FAILED (exit 101)

=== bitlocker ===
   Compiling phoenix-systests v0.5.0 (C:\Users\steeb-ai\carbon-phoenix-backup\phoenix-systests)
    Finished `test` profile [unoptimized + debuginfo] target(s) in 0.94s
     Running tests\bitlocker.rs (target\debug\deps\bitlocker-efc135aaa9c755fd.exe)

running 1 test

thread 'bitlocker_unlocked_then_locked_roundtrips' (1452) panicked at phoenix-systests\tests\bitlocker.rs:88:40:
enable bitlocker: Enable-BitLocker

Caused by:
    powershell failed: ConvertTo-SecureString : The 'ConvertTo-SecureString' command was found in the module 'Microsoft.PowerShell.Security', 
    but the module could not be loaded. For more information, run 'Import-Module Microsoft.PowerShell.Security'.
    At line:1 char:40
    + $ErrorActionPreference = 'Stop'; $pw = ConvertTo-SecureString 'Phoeni ...
    +                                        ~~~~~~~~~~~~~~~~~~~~~~
        + CategoryInfo          : ObjectNotFound: (ConvertTo-SecureString:String) [], ParentContainsErrorRecordException
        + FullyQualifiedErrorId : CouldNotAutoloadMatchingModule
     
    
note: run with `RUST_BACKTRACE=1` environment variable to display a backtrace
test bitlocker_unlocked_then_locked_roundtrips ... FAILED

failures:

failures:
    bitlocker_unlocked_then_locked_roundtrips

test result: FAILED. 0 passed; 1 failed; 0 ignored; 0 measured; 0 filtered out; finished in 7.36s

error: test failed, to rerun pass `-p phoenix-systests --test bitlocker`
bitlocker FAILED (exit 101)

=== winfsp_mount ===
   Compiling phoenix-systests v0.5.0 (C:\Users\steeb-ai\carbon-phoenix-backup\phoenix-systests)
    Finished `test` profile [unoptimized + debuginfo] target(s) in 0.95s
     Running tests\winfsp_mount.rs (target\debug\deps\winfsp_mount-886e69a937cdc646.exe)

running 3 tests
winfsp-served image: C:\Users\steeb-ai\AppData\Local\Temp\phoenix-systests\winfsp-mounts\mount-7cd845950eb746528a9a4e2bab22788d\backup.vhdx
attached as PhysicalDrive3, LogicalSectorSize = 4096
4Kn backup mounted at G:
test winfsp_mount_a_4kn_backup ... ok
winfsp-served vhd: C:\Users\steeb-ai\AppData\Local\Temp\phoenix-systests\winfsp-mounts\mount-4719927730024ab8babac1282bed629d\backup.vhd
attached volume letter: G
test winfsp_mount_and_browse_files ... ok
selected partition exposed as G:
test winfsp_mount_selected_partition_only ... ok

test result: ok. 3 passed; 0 failed; 0 ignored; 0 measured; 0 filtered out; finished in 36.60s


===== summary =====
  resize_roundtrip           PASS
  sector_4kn                 PASS
  backup_restore_roundtrip   PASS
  clone                      PASS
  fat_family                 PASS
  refs_family                PASS
  gpt_identity               PASS
  mbr_identity               PASS
  partial_mbr                PASS
  partial_clone              PASS
  mount                      PASS
  vhdx_container             PASS
  vss                        FAIL (101)
  bitlocker                  FAIL (101)
  winfsp_mount               PASS

breadcrumbs: t2-staged.log

2 binary/binaries failed. A failure is a RESULT -- capture the exact
error text and report it. Do not relax or skip the test to make it green.
Known exception: vss.rs :: locked_backup_blocks_writers_for_duration is
flaky (~1-in-3, races a writer against the capture window). Re-run before
believing it. It is the ONLY test with a standing excuse.
